{
  "RSpec": {
    "coverage": {
      "/Users/Luca/Downloads/tech-tests-master/spec/lib/train_system_spec.rb": {
        "lines": [
          null,
          null,
          1,
          null,
          1,
          5,
          null,
          1,
          1,
          1,
          1,
          null,
          null,
          null,
          1,
          1,
          1,
          1,
          1,
          null,
          null,
          null,
          1,
          1,
          1,
          1,
          1,
          1,
          1,
          null,
          null,
          1,
          1,
          1,
          1,
          1,
          1,
          1,
          null,
          1,
          1,
          null,
          1,
          1,
          null,
          1,
          null,
          null,
          null
        ]
      },
      "/Users/Luca/Downloads/tech-tests-master/lib/underground_system.rb": {
        "lines": [
          null,
          null,
          null,
          1,
          1,
          12,
          5,
          null,
          null,
          1,
          12,
          null,
          null,
          1,
          11,
          11,
          null,
          null,
          1,
          7,
          null,
          null,
          null,
          1,
          null,
          1,
          1,
          1,
          1,
          1,
          1,
          null,
          1,
          1,
          null,
          1,
          1,
          null,
          1
        ]
      }
    },
    "timestamp": 1665393932
  }
}
